C51 COMPILER V9.01   LCD                                                                   01/01/2014 22:31:17 PAGE 1   


C51 COMPILER V9.01, COMPILATION OF MODULE LCD
OBJECT MODULE PLACED IN lcd.OBJ
COMPILER INVOKED BY: d:\Keil\C51\BIN\C51.EXE lcd.c BROWSE DEBUG OBJECTEXTEND

line level    source

   1           #include "lcd.h"
   2          void lcd_delay(uchar i)
   3          {
   4   1              uchar x = 100;
   5   1              while(i--)
   6   1              while(x--);
   7   1      }
   8          uchar Read_LCD_State()
   9          {
  10   1              uchar state;
  11   1              lcdrs=0;lcdrw=1;lcden=1;lcd_delay(1);
  12   1              state=P0;
  13   1              lcden = 0;lcd_delay(1);
  14   1              return state;
  15   1      }
  16          void lcd_check_busy()
  17          {
  18   1              while((Read_LCD_State()&0x80)==0x80);
  19   1              lcd_delay(1);
  20   1      }
  21          void lcd_write_com(uchar com)
  22          {
  23   1              lcd_check_busy();
  24   1              lcdrs=0;                        //选择写命令状态
  25   1              lcdrw=0;
  26   1              P0=com;                 //命令发送到P0口
  27   1              lcd_delay(1);                   //延时使数据稳定
  28   1              lcden=1;                        //给使能端一个高脉冲
  29   1              lcd_delay(1);                   //延时
  30   1              lcden=0;                        //使能端置0完成高脉冲
  31   1      }
  32          
  33          
  34          void lcd_write_data(uchar _data)
  35          {
  36   1              lcd_check_busy();
  37   1              lcdrs=1;        
  38   1              lcdrw=0;                        
  39   1              P0=_data;
  40   1              lcd_delay(1);
  41   1              lcden=1;
  42   1              lcd_delay(1);
  43   1              lcden=0;
  44   1      }
  45          void lcd_init()
  46          {
  47   1              lcd_write_com(0x38);                    //设置16*2显示，5*7点阵，8位数据接口
  48   1              lcd_write_com(0x0c);                    //设置开显示，不显示光标
  49   1              lcd_write_com(0x06);                    //写一个字符后地址指针加1
  50   1              lcd_write_com(0x01);                    //显示清0，数据指针清0
  51   1              lcden=0;        
  52   1      }
  53          void lcd_wstring(uchar *s)
  54          {
  55   1              while(*s)
C51 COMPILER V9.01   LCD                                                                   01/01/2014 22:31:17 PAGE 2   

  56   1              {
  57   2                      lcd_write_data(*s++);
  58   2              }
  59   1      }
  60          void lcd_clear()
  61          {
  62   1              lcd_write_com(0x01);
  63   1      }
*** WARNING C316 IN LINE 63 OF lcd.c: unterminated conditionals


MODULE INFORMATION:   STATIC OVERLAYABLE
   CODE SIZE        =    152    ----
   CONSTANT SIZE    =   ----    ----
   XDATA SIZE       =   ----    ----
   PDATA SIZE       =   ----    ----
   DATA SIZE        =   ----       3
   IDATA SIZE       =   ----    ----
   BIT SIZE         =   ----    ----
END OF MODULE INFORMATION.


C51 COMPILATION COMPLETE.  1 WARNING(S),  0 ERROR(S)
